[2024-10-06 01:31:35] Executing (default): SELECT * FROM users WHERE username = 'api' (+0ms)
[2024-10-06 01:31:35] Executing (default): SELECT * FROM users WHERE username='api' (+15ms)
[2024-10-06 01:31:35] Executing (default): SELECT * FROM users WHERE id = '1' (+18s)
[2024-10-06 01:31:35] Executing (default): SELECT id, username FROM users WHERE id = '1' (+7ms)
[2024-10-06 01:31:35] Executing (default): SELECT * FROM users limit 5 (+33ms)
[2024-10-06 01:33:03] Executing (default): SELECT * FROM users WHERE id = '1' (+0ms)
[2024-10-06 01:33:03] Executing (default): SELECT id, username FROM users WHERE id = '1' (+7ms)
[2024-10-06 01:33:03] Executing (default): SELECT * FROM users limit 5 (+9ms)
[2024-10-06 01:35:49] Executing (default): SELECT * FROM users WHERE id = '1' (+0ms)
[2024-10-06 01:35:49] Executing (default): SELECT id, username FROM users WHERE id = '1' (+8ms)
[2024-10-06 01:35:49] Executing (default): INSERT INTO `users` (`id`,`username`,`createdAt`,`updatedAt`) VALUES (DEFAULT,?,?,?); (+13ms)
[2024-10-06 01:35:49] Executing (default): SELECT * FROM users limit 5 (+10ms)
[2024-10-06 01:36:31] Executing (default): SELECT * FROM users WHERE id = '1' (+0ms)
[2024-10-06 01:36:31] Executing (default): SELECT id, username FROM users WHERE id = '1' (+8ms)
[2024-10-06 01:36:31] Executing (default): INSERT INTO `users` (`id`,`username`,`createdAt`,`updatedAt`) VALUES (DEFAULT,?,?,?); (+8ms)
[2024-10-06 01:36:31] Executing (default): SELECT * FROM users limit 5 (+232ms)
[2024-10-06 01:37:40] Executing (default): SELECT * FROM users WHERE id = '1' (+0ms)
[2024-10-06 01:37:40] Executing (default): SELECT id, username FROM users WHERE id = '1' (+14ms)
[2024-10-06 01:37:40] Executing (default): UPDATE `users` SET `username`=?,`updatedAt`=? WHERE `id` = ? (+15ms)
[2024-10-06 01:37:40] Executing (default): SELECT * FROM users limit 5 (+270ms)
[2024-10-06 01:38:28] Executing (default): SELECT * FROM users WHERE id = '1' (+0ms)
[2024-10-06 01:38:28] Executing (default): SELECT id, username FROM users WHERE id = '1' (+7ms)
[2024-10-06 01:38:28] Executing (default): UPDATE `users` SET `username`=?,`updatedAt`=? WHERE `id` = ? (+16ms)
[2024-10-06 01:38:28] Executing (default): SELECT * FROM users limit 5 (+9ms)
[2024-10-06 01:39:02] Executing (default): SELECT * FROM users WHERE id = '1' (+0ms)
[2024-10-06 01:39:02] Executing (default): SELECT id, username FROM users WHERE id = '1' (+7ms)
[2024-10-06 01:40:09] Executing (default): SELECT * FROM users WHERE id = '1' (+0ms)
[2024-10-06 01:40:09] Executing (default): SELECT id, username FROM users WHERE id = '1' (+12ms)
[2024-10-06 01:40:09] Executing (default): DELETE FROM `users` WHERE `id` = 5 (+18ms)
[2024-10-06 01:40:09] Executing (default): SELECT * FROM users limit 5 (+8ms)
[2024-10-06 01:40:34] Executing (default): SELECT * FROM users WHERE id = '1' (+0ms)
[2024-10-06 01:40:34] Executing (default): SELECT id, username FROM users WHERE id = '1' (+14ms)
[2024-10-06 01:40:34] Executing (default): DELETE FROM `users` WHERE `id` = 2 (+8ms)
[2024-10-06 01:40:34] Executing (default): SELECT * FROM users limit 5 (+26ms)
