[2024-09-30 14:29:56]: Executing (default): SELECT * FROM users WHERE username = 'api' (+0ms)
[2024-09-30 14:29:56]: Executing (default): SELECT * FROM users WHERE username='api' (+6ms)
[2024-09-30 14:29:56]: Executing (default): SELECT * FROM users WHERE id = '1' (+41s)
[2024-09-30 14:29:56]: Executing (default): SELECT id, username FROM users WHERE id = '1' (+2ms)
[2024-09-30 14:29:56]: Executing (default): INSERT INTO `jurusans` (`id`,`kode_jurusan`,`nama_jurusan`,`createdAt`,`updatedAt`) VALUES (DEFAULT,?,?,?,?); (+14ms)
[2024-09-30 14:29:56]: Executing (default): SELECT * FROM jurusans limit 5 (+11ms)
[2024-09-30 14:37:04] Executing (default): SELECT * FROM users WHERE id = '1' (+0ms)
[2024-09-30 14:37:04] Executing (default): SELECT id, username FROM users WHERE id = '1' (+6ms)
[2024-09-30 14:37:04] Executing (default): INSERT INTO `jurusans` (`id`,`kode_jurusan`,`nama_jurusan`,`createdAt`,`updatedAt`) VALUES (DEFAULT,?,?,?,?); (+12ms)
[2024-09-30 14:37:04] Executing (default): SELECT * FROM jurusans limit 5 (+9ms)
[2024-09-30 15:07:11] Executing (default): SELECT * FROM users WHERE id = '1' (+0ms)
[2024-09-30 15:07:11] Executing (default): SELECT id, username FROM users WHERE id = '1' (+6ms)
[2024-09-30 15:08:06] Executing (default): SELECT * FROM users WHERE id = '1' (+0ms)
[2024-09-30 15:08:06] Executing (default): SELECT id, username FROM users WHERE id = '1' (+6ms)
[2024-09-30 15:08:06] Executing (default): INSERT INTO `jurs` (`id`,`kode_jurusan`,`nama_jurusan`,`createdAt`,`updatedAt`) VALUES (DEFAULT,?,?,?,?); (+11ms)
[2024-09-30 15:17:53] Executing (default): SELECT * FROM users WHERE username = 'api' (+0ms)
[2024-09-30 15:17:53] Executing (default): SELECT * FROM users WHERE username='api' (+8ms)
[2024-09-30 15:17:53] Executing (default): SELECT * FROM users WHERE id = '1' (+9s)
[2024-09-30 15:17:53] Executing (default): SELECT id, username FROM users WHERE id = '1' (+2ms)
[2024-09-30 15:53:32] Executing (default): SELECT * FROM users WHERE username = 'api' (+0ms)
[2024-09-30 15:53:32] Executing (default): SELECT * FROM users WHERE username='api' (+8ms)
[2024-09-30 15:53:32] Executing (default): SELECT * FROM users WHERE id = '1' (+10s)
[2024-09-30 15:53:32] Executing (default): SELECT id, username FROM users WHERE id = '1' (+2ms)
[2024-09-30 15:53:32] Executing (default): SELECT * FROM users limit 5 (+11ms)
[2024-09-30 15:54:50] Executing (default): SELECT * FROM users WHERE id = '1' (+0ms)
[2024-09-30 15:54:50] Executing (default): SELECT id, username FROM users WHERE id = '1' (+7ms)
[2024-09-30 15:54:50] Executing (default): INSERT INTO `users` (`id`,`createdAt`,`updatedAt`) VALUES (DEFAULT,?,?); (+13ms)
[2024-09-30 15:54:50] Executing (default): SELECT * FROM users limit 5 (+15ms)
[2024-09-30 15:57:42] Executing (default): SELECT * FROM users WHERE id = '1' (+0ms)
[2024-09-30 15:57:42] Executing (default): SELECT id, username FROM users WHERE id = '1' (+9ms)
[2024-09-30 15:57:42] Executing (default): INSERT INTO `users` (`id`,`username`,`createdAt`,`updatedAt`) VALUES (DEFAULT,?,?,?); (+18ms)
[2024-09-30 15:57:42] Executing (default): SELECT * FROM users limit 5 (+14ms)
