[2024-09-23 00:19:07] INFO: req => anjay 0 (+0ms)
[2024-09-23 00:19:07] INFO: req => anjay 1 (+2ms)
[2024-09-23 00:19:07] INFO: req => anjay 2 (+0ms)
[2024-09-23 00:19:07] INFO: req => anjay 3 (+0ms)
[2024-09-23 00:19:07] INFO: req => anjay 4 (+1ms)
[2024-09-23 00:19:07] INFO: req => anjay 5 (+0ms)
[2024-09-23 00:19:07] INFO: req => anjay 6 (+0ms)
[2024-09-23 00:19:07] INFO: req => anjay 7 (+0ms)
[2024-09-23 00:19:07] INFO: req => anjay 8 (+1ms)
[2024-09-23 00:19:07] INFO: req => anjay 9 (+0ms)
[2024-09-23 00:19:42] INFO: req => anjay 0 (+0ms)
[2024-09-23 00:19:42] INFO: req => anjay 1 (+1ms)
[2024-09-23 00:19:42] INFO: req => anjay 2 (+0ms)
[2024-09-23 00:19:42] INFO: req => anjay 3 (+1ms)
[2024-09-23 00:19:42] INFO: req => anjay 4 (+0ms)
[2024-09-23 00:19:42] INFO: req => anjay 5 (+0ms)
[2024-09-23 00:19:42] INFO: req => anjay 6 (+0ms)
[2024-09-23 00:19:42] INFO: req => anjay 7 (+1ms)
[2024-09-23 00:19:42] INFO: req => anjay 8 (+0ms)
[2024-09-23 00:19:42] INFO: req => anjay 9 (+0ms)
[2024-09-23 17:19:16] INFO: Req login => {"value":"","msg":"Password harus di isi","param":"password","location":"body"} (+0ms)
[2024-09-23 17:23:38] INFO: Req login => {"value":"dikysaria","msg":"Username tidak terdaftar","param":"username","location":"body"} (+0ms)
[2024-09-23 17:23:38] INFO: Req login => {"value":"","msg":"Password harus di isi","param":"password","location":"body"} (+46s)
[2024-09-23 17:23:38] INFO: Req login => {"value":"pass","msg":"Password minimal 6 karakter","param":"password","location":"body"} (+13s)
[2024-09-23 17:23:38] INFO: Req login => {"errors":{"msg":"Password salah","param":"password"}} (+52s)
[2024-09-23 17:28:06] INFO: Req login => {"status":422,"message":"validation error","errors":{"param":"username","message":"Username harus di isi"}} (+0ms)
[2024-09-23 17:29:29] INFO: Req login => {"status":422,"message":"validation error","errors":{"param":"username","message":"Username harus di isi"}} (+0ms)
[2024-09-23 17:29:29] INFO: Req login => {"status":422,"message":"validation error","errors":{"param":"username","message":"Username tidak terdaftar"}} (+47s)
[2024-09-23 17:29:29] INFO: Req login => {"errors":{"msg":"Password salah","param":"password"}} (+16s)
[2024-09-23 17:33:06] INFO: Req login => {"status":422,"message":"validation error","errors":{"param":"password","message":"Password salah"}} (+0ms)
[2024-09-23 17:33:06] INFO: Req login => {"status":200,"message":"login berhasil","token":"eyJhbGciOiJIUzI1NiIsInR5cCI6IkpXVCJ9.eyJpZCI6MSwiaWF0IjoxNzI3MDg3NjE0LCJleHAiOjE3MjcwOTEyMTR9.x0Xa80Omax9LqQnbbG7OpGe4hT1ntMmRJazkV0-c0gw"} (+24s)
[2024-09-23 17:34:15] INFO: Req login => {"status":200,"message":"login berhasil","token":"eyJhbGciOiJIUzI1NiIsInR5cCI6IkpXVCJ9.eyJpZCI6MSwiaWF0IjoxNzI3MDg3NjU3LCJleHAiOjE3MjcwOTEyNTd9.eSZ62lb6jgjOfACsKsnvWe0SBjXIVyLiFgTti8hApCQ"} (+0ms)
[2024-09-23 18:41:49] INFO: Req login => {"status":422,"message":"validation error","errors":{"param":"username","message":"Username tidak terdaftar"}} (+0ms)
[2024-09-23 18:41:49] INFO: Req login => {"status":422,"message":"validation error","errors":{"param":"username","message":"Username harus di isi"}} (+13s)
[2024-09-23 18:41:49] INFO: Req login => {"status":422,"message":"validation error","errors":{"param":"password","message":"Password salah"}} (+17s)
[2024-09-23 19:00:52] INFO: Req login => {"status":422,"message":"validation error","errors":{"param":"username","message":"Username tidak terdaftar"}} (+0ms)
[2024-09-23 19:00:52] INFO: Req login => {"status":422,"message":"validation error","errors":{"param":"username","message":"Username tidak terdaftar"}} (+2m)
